<?xml version="1.0" encoding="UTF-8"?>
<coverage generated="1673339081226" clover="3.2.0">
  <project timestamp="1673339081226" name="All files">
    <metrics statements="10" coveredstatements="5" conditionals="0" coveredconditionals="0" methods="4" coveredmethods="0" elements="14" coveredelements="5" complexity="0" loc="10" ncloc="10" packages="2" files="3" classes="3"/>
    <package name="capgemini-express-api">
      <metrics statements="6" coveredstatements="5" conditionals="0" coveredconditionals="0" methods="1" coveredmethods="0"/>
      <file name="app.js" path="C:\Users\Admin\Desktop\Epsi Capgemini Alternance\Epsi Nantes\Cours\Dev JS\capgemini-express-api\app.js">
        <metrics statements="5" coveredstatements="4" conditionals="0" coveredconditionals="0" methods="1" coveredmethods="0"/>
        <line num="4" count="1" type="stmt"/>
        <line num="8" count="1" type="stmt"/>
        <line num="9" count="0" type="stmt"/>
        <line num="14" count="1" type="stmt"/>
        <line num="16" count="1" type="stmt"/>
      </file>
      <file name="data.js" path="C:\Users\Admin\Desktop\Epsi Capgemini Alternance\Epsi Nantes\Cours\Dev JS\capgemini-express-api\data.js">
        <metrics statements="1" coveredstatements="1" conditionals="0" coveredconditionals="0" methods="0" coveredmethods="0"/>
        <line num="1" count="1" type="stmt"/>
      </file>
    </package>
    <package name="capgemini-express-api.controllers">
      <metrics statements="4" coveredstatements="0" conditionals="0" coveredconditionals="0" methods="3" coveredmethods="0"/>
      <file name="contactController.js" path="C:\Users\Admin\Desktop\Epsi Capgemini Alternance\Epsi Nantes\Cours\Dev JS\capgemini-express-api\controllers\contactController.js">
        <metrics statements="4" coveredstatements="0" conditionals="0" coveredconditionals="0" methods="3" coveredmethods="0"/>
        <line num="4" count="0" type="stmt"/>
        <line num="8" count="0" type="stmt"/>
        <line num="9" count="0" type="stmt"/>
        <line num="10" count="0" type="stmt"/>
      </file>
    </package>
  </project>
</coverage>
