{"C:\\Users\\Admin\\Desktop\\Epsi Capgemini Alternance\\Epsi Nantes\\Cours\\Dev JS\\capgemini-express-api\\app.js": {"path":"C:\\Users\\Admin\\Desktop\\Epsi Capgemini Alternance\\Epsi Nantes\\Cours\\Dev JS\\capgemini-express-api\\app.js","statementMap":{"0":{"start":{"line":4,"column":12},"end":{"line":4,"column":21}},"1":{"start":{"line":8,"column":0},"end":{"line":10,"column":3}},"2":{"start":{"line":9,"column":2},"end":{"line":9,"column":26}},"3":{"start":{"line":14,"column":0},"end":{"line":14,"column":49}},"4":{"start":{"line":16,"column":0},"end":{"line":16,"column":51}}},"fnMap":{"0":{"name":"(anonymous_0)","decl":{"start":{"line":8,"column":13},"end":{"line":8,"column":14}},"loc":{"start":{"line":8,"column":33},"end":{"line":10,"column":1}},"line":8}},"branchMap":{},"s":{"0":1,"1":1,"2":0,"3":1,"4":1},"f":{"0":0},"b":{},"_coverageSchema":"1a1c01bbd47fc00a2c39e90264f33305004495a9","hash":"05c7bb7947c5da984f680083bffc7a171f21d1a5"}
,"C:\\Users\\Admin\\Desktop\\Epsi Capgemini Alternance\\Epsi Nantes\\Cours\\Dev JS\\capgemini-express-api\\data.js": {"path":"C:\\Users\\Admin\\Desktop\\Epsi Capgemini Alternance\\Epsi Nantes\\Cours\\Dev JS\\capgemini-express-api\\data.js","statementMap":{"0":{"start":{"line":1,"column":24},"end":{"line":12,"column":1}}},"fnMap":{},"branchMap":{},"s":{"0":1},"f":{},"b":{},"_coverageSchema":"1a1c01bbd47fc00a2c39e90264f33305004495a9","hash":"81daa937156c7e0f4bfe90f0176c795c59f8a361"}
,"C:\\Users\\Admin\\Desktop\\Epsi Capgemini Alternance\\Epsi Nantes\\Cours\\Dev JS\\capgemini-express-api\\controllers\\contactController.js": {"path":"C:\\Users\\Admin\\Desktop\\Epsi Capgemini Alternance\\Epsi Nantes\\Cours\\Dev JS\\capgemini-express-api\\controllers\\contactController.js","statementMap":{"0":{"start":{"line":4,"column":2},"end":{"line":4,"column":33}},"1":{"start":{"line":8,"column":13},"end":{"line":8,"column":26}},"2":{"start":{"line":9,"column":18},"end":{"line":9,"column":57}},"3":{"start":{"line":9,"column":42},"end":{"line":9,"column":56}},"4":{"start":{"line":10,"column":2},"end":{"line":10,"column":32}}},"fnMap":{"0":{"name":"getContacts","decl":{"start":{"line":3,"column":9},"end":{"line":3,"column":20}},"loc":{"start":{"line":3,"column":31},"end":{"line":5,"column":1}},"line":3},"1":{"name":"getContact","decl":{"start":{"line":7,"column":9},"end":{"line":7,"column":19}},"loc":{"start":{"line":7,"column":30},"end":{"line":11,"column":1}},"line":7},"2":{"name":"(anonymous_2)","decl":{"start":{"line":9,"column":32},"end":{"line":9,"column":33}},"loc":{"start":{"line":9,"column":42},"end":{"line":9,"column":56}},"line":9}},"branchMap":{},"s":{"0":0,"1":0,"2":0,"3":0,"4":0},"f":{"0":0,"1":0,"2":0},"b":{},"_coverageSchema":"1a1c01bbd47fc00a2c39e90264f33305004495a9","hash":"16c5a664ec8a3b259fec7eea8b393c0fedad9dfa"}
}
