{"C:\\Users\\Admin\\Desktop\\Epsi Capgemini Alternance\\Epsi Nantes\\Cours\\Dev JS\\capgemini-express-api\\app.js": {"path":"C:\\Users\\Admin\\Desktop\\Epsi Capgemini Alternance\\Epsi Nantes\\Cours\\Dev JS\\capgemini-express-api\\app.js","statementMap":{"0":{"start":{"line":8,"column":12},"end":{"line":8,"column":21}},"1":{"start":{"line":11,"column":0},"end":{"line":13,"column":3}},"2":{"start":{"line":12,"column":2},"end":{"line":12,"column":26}},"3":{"start":{"line":17,"column":0},"end":{"line":17,"column":49}},"4":{"start":{"line":19,"column":0},"end":{"line":19,"column":51}},"5":{"start":{"line":21,"column":0},"end":{"line":21,"column":50}},"6":{"start":{"line":23,"column":0},"end":{"line":23,"column":27}}},"fnMap":{"0":{"name":"(anonymous_0)","decl":{"start":{"line":11,"column":13},"end":{"line":11,"column":14}},"loc":{"start":{"line":11,"column":33},"end":{"line":13,"column":1}},"line":11}},"branchMap":{},"s":{"0":1,"1":1,"2":0,"3":1,"4":1,"5":1,"6":1},"f":{"0":0},"b":{},"_coverageSchema":"1a1c01bbd47fc00a2c39e90264f33305004495a9","hash":"a933c0d09ca3ae5e95094ef52ebb0706e00fb531"}
,"C:\\Users\\Admin\\Desktop\\Epsi Capgemini Alternance\\Epsi Nantes\\Cours\\Dev JS\\capgemini-express-api\\data.js": {"path":"C:\\Users\\Admin\\Desktop\\Epsi Capgemini Alternance\\Epsi Nantes\\Cours\\Dev JS\\capgemini-express-api\\data.js","statementMap":{"0":{"start":{"line":1,"column":24},"end":{"line":12,"column":1}}},"fnMap":{},"branchMap":{},"s":{"0":1},"f":{},"b":{},"_coverageSchema":"1a1c01bbd47fc00a2c39e90264f33305004495a9","hash":"81daa937156c7e0f4bfe90f0176c795c59f8a361"}
,"C:\\Users\\Admin\\Desktop\\Epsi Capgemini Alternance\\Epsi Nantes\\Cours\\Dev JS\\capgemini-express-api\\controllers\\contactController.js": {"path":"C:\\Users\\Admin\\Desktop\\Epsi Capgemini Alternance\\Epsi Nantes\\Cours\\Dev JS\\capgemini-express-api\\controllers\\contactController.js","statementMap":{"0":{"start":{"line":4,"column":2},"end":{"line":4,"column":33}},"1":{"start":{"line":8,"column":13},"end":{"line":8,"column":26}},"2":{"start":{"line":9,"column":18},"end":{"line":9,"column":57}},"3":{"start":{"line":9,"column":42},"end":{"line":9,"column":56}},"4":{"start":{"line":10,"column":2},"end":{"line":10,"column":32}},"5":{"start":{"line":14,"column":15},"end":{"line":18,"column":3}},"6":{"start":{"line":20,"column":2},"end":{"line":20,"column":29}}},"fnMap":{"0":{"name":"getContacts","decl":{"start":{"line":3,"column":9},"end":{"line":3,"column":20}},"loc":{"start":{"line":3,"column":31},"end":{"line":5,"column":1}},"line":3},"1":{"name":"getContact","decl":{"start":{"line":7,"column":9},"end":{"line":7,"column":19}},"loc":{"start":{"line":7,"column":30},"end":{"line":11,"column":1}},"line":7},"2":{"name":"(anonymous_2)","decl":{"start":{"line":9,"column":32},"end":{"line":9,"column":33}},"loc":{"start":{"line":9,"column":42},"end":{"line":9,"column":56}},"line":9},"3":{"name":"newContact","decl":{"start":{"line":13,"column":9},"end":{"line":13,"column":19}},"loc":{"start":{"line":13,"column":30},"end":{"line":21,"column":1}},"line":13}},"branchMap":{},"s":{"0":0,"1":0,"2":0,"3":0,"4":0,"5":0,"6":0},"f":{"0":0,"1":0,"2":0,"3":0},"b":{},"_coverageSchema":"1a1c01bbd47fc00a2c39e90264f33305004495a9","hash":"810628b651a2f5bf42eb1d18ab57c78493eca738"}
}
