TN:
SF:app.js
FN:11,(anonymous_0)
FNF:1
FNH:0
FNDA:0,(anonymous_0)
DA:8,1
DA:11,1
DA:12,0
DA:17,1
DA:19,1
DA:21,1
DA:23,1
LF:7
LH:6
BRF:0
BRH:0
end_of_record
TN:
SF:data.js
FNF:0
FNH:0
DA:1,1
LF:1
LH:1
BRF:0
BRH:0
end_of_record
TN:
SF:controllers\contactController.js
FN:3,getContacts
FN:7,getContact
FN:9,(anonymous_2)
FN:13,newContact
FNF:4
FNH:0
FNDA:0,getContacts
FNDA:0,getContact
FNDA:0,(anonymous_2)
FNDA:0,newContact
DA:4,0
DA:8,0
DA:9,0
DA:10,0
DA:14,0
DA:20,0
LF:6
LH:0
BRF:0
BRH:0
end_of_record
