TN:
SF:app.js
FN:13,(anonymous_0)
FNF:1
FNH:0
FNDA:0,(anonymous_0)
DA:8,1
DA:10,1
DA:13,1
DA:14,0
DA:19,1
DA:21,1
DA:23,1
LF:7
LH:6
BRF:0
BRH:0
end_of_record
TN:
SF:data.js
FNF:0
FNH:0
DA:1,1
LF:1
LH:1
BRF:0
BRH:0
end_of_record
TN:
SF:service.js
FN:7,getContacts
FN:12,getContact
FN:13,(anonymous_2)
FN:18,newContact
FNF:4
FNH:0
FNDA:0,getContacts
FNDA:0,getContact
FNDA:0,(anonymous_2)
FNDA:0,newContact
DA:8,0
DA:13,0
DA:19,0
DA:20,0
DA:21,0
DA:22,0
LF:6
LH:0
BRF:0
BRH:0
end_of_record
TN:
SF:controllers\contactController.js
FN:4,getContacts
FN:9,getContact
FN:19,newContact
FNF:3
FNH:0
FNDA:0,getContacts
FNDA:0,getContact
FNDA:0,newContact
DA:5,0
DA:6,0
DA:10,0
DA:15,0
DA:16,0
DA:21,0
DA:22,0
DA:25,0
DA:27,0
LF:9
LH:0
BRF:0
BRH:0
end_of_record
TN:
SF:helpers\sum.js
FN:1,sum
FNF:1
FNH:1
FNDA:2,sum
DA:2,2
DA:3,2
DA:4,1
DA:6,1
DA:8,1
LF:5
LH:5
BRDA:3,0,0,1
BRDA:3,0,1,1
BRDA:3,1,0,2
BRDA:3,1,1,1
BRF:4
BRH:4
end_of_record
